2018-06-04 21:54:36,208 [Thread-0] INFO  (AbstractApplicationContext.java:583) - Refreshing org.springframework.context.annotation.AnnotationConfigApplicationContext@41de16b6: startup date [Mon Jun 04 21:54:36 EDT 2018]; root of context hierarchy
2018-06-04 21:54:38,720 [Thread-0] INFO  (Launcher.java:61) - sensorBrownTable Sensor [value=0.0, date=2018-06-05 8:37:42, status=0, type=Occupancy, underAlert=false, workStationId=1077] - sensorFoamStairs Sensor [value=0.0, date=2018-06-05 9:44:48, status=0, type=Occupancy, underAlert=false, workStationId=1079] - sensorBlackTable Sensor [value=0.0, date=2018-06-05 9:46:24, status=0, type=Occupancy, underAlert=false, workStationId=1078]
2018-06-04 21:54:38,722 [Thread-0] INFO  (AbstractApplicationContext.java:583) - Refreshing org.springframework.context.annotation.AnnotationConfigApplicationContext@1ea24f64: startup date [Mon Jun 04 21:54:38 EDT 2018]; root of context hierarchy
2018-06-04 21:54:39,258 [Thread-0] INFO  (Launcher.java:61) - sensorBrownTable Sensor [value=0.0, date=2018-06-05 8:37:42, status=0, type=Occupancy, underAlert=false, workStationId=1077] - sensorFoamStairs Sensor [value=0.0, date=2018-06-05 9:44:48, status=0, type=Occupancy, underAlert=false, workStationId=1079] - sensorBlackTable Sensor [value=0.0, date=2018-06-05 9:46:24, status=0, type=Occupancy, underAlert=false, workStationId=1078]
2018-06-04 21:54:39,261 [Thread-0] INFO  (AbstractApplicationContext.java:583) - Refreshing org.springframework.context.annotation.AnnotationConfigApplicationContext@c6096ec: startup date [Mon Jun 04 21:54:39 EDT 2018]; root of context hierarchy
2018-06-04 21:54:39,678 [Thread-0] INFO  (Launcher.java:61) - sensorBrownTable Sensor [value=0.0, date=2018-06-05 8:37:42, status=0, type=Occupancy, underAlert=false, workStationId=1077] - sensorFoamStairs Sensor [value=0.0, date=2018-06-05 9:44:48, status=0, type=Occupancy, underAlert=false, workStationId=1079] - sensorBlackTable Sensor [value=0.0, date=2018-06-05 9:46:24, status=0, type=Occupancy, underAlert=false, workStationId=1078]
2018-06-04 21:54:39,680 [Thread-0] INFO  (AbstractApplicationContext.java:583) - Refreshing org.springframework.context.annotation.AnnotationConfigApplicationContext@38170da2: startup date [Mon Jun 04 21:54:39 EDT 2018]; root of context hierarchy
2018-06-04 21:54:40,201 [Thread-0] INFO  (Launcher.java:61) - sensorBrownTable Sensor [value=0.0, date=2018-06-05 8:37:42, status=0, type=Occupancy, underAlert=false, workStationId=1077] - sensorFoamStairs Sensor [value=0.0, date=2018-06-05 9:44:48, status=0, type=Occupancy, underAlert=false, workStationId=1079] - sensorBlackTable Sensor [value=0.0, date=2018-06-05 9:46:24, status=0, type=Occupancy, underAlert=false, workStationId=1078]
2018-06-04 21:54:40,204 [Thread-0] INFO  (AbstractApplicationContext.java:583) - Refreshing org.springframework.context.annotation.AnnotationConfigApplicationContext@77c3d190: startup date [Mon Jun 04 21:54:40 EDT 2018]; root of context hierarchy
2018-06-04 21:55:05,623 [Thread-0] INFO  (AbstractApplicationContext.java:583) - Refreshing org.springframework.context.annotation.AnnotationConfigApplicationContext@7bec21a1: startup date [Mon Jun 04 21:55:05 EDT 2018]; root of context hierarchy
2018-06-04 21:55:07,220 [Thread-0] INFO  (Launcher.java:61) - sensorBrownTable Sensor [value=0.0, date=2018-06-05 8:37:42, status=0, type=Occupancy, underAlert=false, workStationId=1077] - sensorFoamStairs Sensor [value=0.0, date=2018-06-05 9:44:48, status=0, type=Occupancy, underAlert=false, workStationId=1079] - sensorBlackTable Sensor [value=0.0, date=2018-06-05 9:46:24, status=0, type=Occupancy, underAlert=false, workStationId=1078]
2018-06-04 21:55:07,221 [Thread-0] INFO  (Launcher.java:66) - Something happened .. 
2018-06-04 21:59:42,746 [Thread-0] INFO  (AbstractApplicationContext.java:583) - Refreshing org.springframework.context.annotation.AnnotationConfigApplicationContext@7d0000c0: startup date [Mon Jun 04 21:59:42 EDT 2018]; root of context hierarchy
2018-06-04 21:59:47,655 [Thread-0] INFO  (Launcher.java:61) - sensorBrownTable Sensor [value=0.0, date=2018-06-05 9:59:06, status=0, type=Occupancy, underAlert=false, workStationId=1077] - sensorFoamStairs Sensor [value=0.0, date=2018-06-05 9:44:48, status=0, type=Occupancy, underAlert=false, workStationId=1079] - sensorBlackTable Sensor [value=0.0, date=2018-06-05 9:46:24, status=0, type=Occupancy, underAlert=false, workStationId=1078]
2018-06-04 21:59:47,657 [Thread-0] INFO  (Launcher.java:66) - Something happened .. 5
2018-06-04 22:03:08,133 [Thread-0] INFO  (AbstractApplicationContext.java:583) - Refreshing org.springframework.context.annotation.AnnotationConfigApplicationContext@7d0000c0: startup date [Mon Jun 04 22:03:08 EDT 2018]; root of context hierarchy
2018-06-04 22:03:15,101 [Thread-0] INFO  (Launcher.java:66) - sensorBrownTable Sensor [value=0.0, date=2018-06-05 9:59:06, status=0, type=Occupancy, underAlert=false, workStationId=1077] - sensorFoamStairs Sensor [value=0.0, date=2018-06-05 9:44:48, status=0, type=Occupancy, underAlert=false, workStationId=1079] - sensorBlackTable Sensor [value=0.0, date=2018-06-05 9:46:24, status=0, type=Occupancy, underAlert=false, workStationId=1078]
2018-06-04 22:03:15,110 [Thread-0] INFO  (Launcher.java:71) - Something happened .. 5
2018-06-04 22:03:46,507 [Thread-0] INFO  (AbstractApplicationContext.java:583) - Refreshing org.springframework.context.annotation.AnnotationConfigApplicationContext@7d0000c0: startup date [Mon Jun 04 22:03:46 EDT 2018]; root of context hierarchy
2018-06-04 22:03:51,848 [Thread-0] INFO  (Launcher.java:64) - sensorBrownTable Sensor [value=0.0, date=2018-06-05 9:59:06, status=0, type=Occupancy, underAlert=false, workStationId=1077] - sensorFoamStairs Sensor [value=0.0, date=2018-06-05 9:44:48, status=0, type=Occupancy, underAlert=false, workStationId=1079] - sensorBlackTable Sensor [value=0.0, date=2018-06-05 9:46:24, status=0, type=Occupancy, underAlert=false, workStationId=1078]
2018-06-04 22:36:23,313 [Thread-0] INFO  (AbstractApplicationContext.java:583) - Refreshing org.springframework.context.annotation.AnnotationConfigApplicationContext@53ec5337: startup date [Mon Jun 04 22:36:23 EDT 2018]; root of context hierarchy
2018-06-04 22:36:24,955 [Thread-0] INFO  (Launcher.java:65) - sensorBrownTable Sensor [value=0.0, date=2018-06-05 9:59:06, status=0, type=Occupancy, underAlert=false, workStationId=1077] - sensorFoamStairs Sensor [value=1.0, date=2018-06-05 10:05:26, status=0, type=Occupancy, underAlert=false, workStationId=1079] - sensorBlackTable Sensor [value=0.0, date=2018-06-05 9:46:24, status=0, type=Occupancy, underAlert=false, workStationId=1078]
2018-06-04 22:36:24,956 [Thread-0] INFO  (Launcher.java:70) - Something happened .. 5
2018-06-04 22:42:49,862 [Thread-0] INFO  (AbstractApplicationContext.java:583) - Refreshing org.springframework.context.annotation.AnnotationConfigApplicationContext@3ed8eea9: startup date [Mon Jun 04 22:42:49 EDT 2018]; root of context hierarchy
2018-06-04 22:42:51,501 [Thread-0] INFO  (Launcher.java:65) - sensorBrownTable Sensor [value=0.0, date=2018-06-05 9:59:06, status=0, type=Occupancy, underAlert=false, workStationId=1077] - sensorFoamStairs Sensor [value=1.0, date=2018-06-05 10:05:26, status=0, type=Occupancy, underAlert=false, workStationId=1079] - sensorBlackTable Sensor [value=0.0, date=2018-06-05 9:46:24, status=0, type=Occupancy, underAlert=false, workStationId=1078]
2018-06-04 22:42:51,502 [Thread-0] INFO  (Launcher.java:70) - Something happened .. 5
2018-06-04 22:43:10,166 [Thread-0] INFO  (AbstractApplicationContext.java:583) - Refreshing org.springframework.context.annotation.AnnotationConfigApplicationContext@1d7d021c: startup date [Mon Jun 04 22:43:10 EDT 2018]; root of context hierarchy
2018-06-04 22:43:11,704 [Thread-0] INFO  (Launcher.java:60) - sensorBrownTable Sensor [value=0.0, date=2018-06-05 9:59:06, status=0, type=Occupancy, underAlert=false, workStationId=1077] - sensorFoamStairs Sensor [value=1.0, date=2018-06-05 10:05:26, status=0, type=Occupancy, underAlert=false, workStationId=1079] - sensorBlackTable Sensor [value=0.0, date=2018-06-05 9:46:24, status=0, type=Occupancy, underAlert=false, workStationId=1078]
2018-06-04 22:43:11,705 [Thread-0] INFO  (Launcher.java:65) - Something happened .. 5
2018-06-04 22:43:52,900 [Thread-0] INFO  (AbstractApplicationContext.java:583) - Refreshing org.springframework.context.annotation.AnnotationConfigApplicationContext@1d7d021c: startup date [Mon Jun 04 22:43:52 EDT 2018]; root of context hierarchy
2018-06-04 22:43:54,827 [Thread-0] INFO  (Launcher.java:60) - sensorBrownTable Sensor [value=0.0, date=2018-06-05 9:59:06, status=0, type=Occupancy, underAlert=false, workStationId=1077] - sensorFoamStairs Sensor [value=1.0, date=2018-06-05 10:05:26, status=0, type=Occupancy, underAlert=false, workStationId=1079] - sensorBlackTable Sensor [value=0.0, date=2018-06-05 9:46:24, status=0, type=Occupancy, underAlert=false, workStationId=1078]
2018-06-04 22:43:54,828 [Thread-0] INFO  (Launcher.java:65) - Something happened .. 5
2018-06-04 22:46:39,504 [Thread-0] INFO  (AbstractApplicationContext.java:583) - Refreshing org.springframework.context.annotation.AnnotationConfigApplicationContext@7d0000c0: startup date [Mon Jun 04 22:46:39 EDT 2018]; root of context hierarchy
2018-06-04 22:46:41,057 [Thread-0] INFO  (Launcher.java:60) - sensorBrownTable Sensor [value=0.0, date=2018-06-05 9:59:06, status=0, type=Occupancy, underAlert=false, workStationId=1077] - sensorFoamStairs Sensor [value=1.0, date=2018-06-05 10:05:26, status=0, type=Occupancy, underAlert=false, workStationId=1079] - sensorBlackTable Sensor [value=0.0, date=2018-06-05 9:46:24, status=0, type=Occupancy, underAlert=false, workStationId=1078]
2018-06-04 22:46:41,058 [Thread-0] INFO  (Launcher.java:65) - Something happened .. 5
2018-06-04 22:46:55,355 [Thread-0] INFO  (AbstractApplicationContext.java:583) - Refreshing org.springframework.context.annotation.AnnotationConfigApplicationContext@4c0169d5: startup date [Mon Jun 04 22:46:55 EDT 2018]; root of context hierarchy
2018-06-04 22:46:57,005 [Thread-0] INFO  (Launcher.java:60) - sensorBrownTable Sensor [value=0.0, date=2018-06-05 9:59:06, status=0, type=Occupancy, underAlert=false, workStationId=1077] - sensorFoamStairs Sensor [value=1.0, date=2018-06-05 10:05:26, status=0, type=Occupancy, underAlert=false, workStationId=1079] - sensorBlackTable Sensor [value=0.0, date=2018-06-05 9:46:24, status=0, type=Occupancy, underAlert=false, workStationId=1078]
2018-06-04 22:46:57,005 [Thread-0] INFO  (Launcher.java:65) - Something happened .. 5
2018-06-04 22:47:52,035 [Thread-0] INFO  (AbstractApplicationContext.java:583) - Refreshing org.springframework.context.annotation.AnnotationConfigApplicationContext@3ed8eea9: startup date [Mon Jun 04 22:47:52 EDT 2018]; root of context hierarchy
2018-06-04 22:47:53,759 [Thread-0] INFO  (Launcher.java:60) - sensorBrownTable Sensor [value=0.0, date=2018-06-05 9:59:06, status=0, type=Occupancy, underAlert=false, workStationId=1077] - sensorFoamStairs Sensor [value=1.0, date=2018-06-05 10:05:26, status=0, type=Occupancy, underAlert=false, workStationId=1079] - sensorBlackTable Sensor [value=0.0, date=2018-06-05 9:46:24, status=0, type=Occupancy, underAlert=false, workStationId=1078]
2018-06-04 22:47:53,760 [Thread-0] INFO  (Launcher.java:65) - Something happened .. 5
2018-06-04 22:50:15,273 [Thread-0] INFO  (AbstractApplicationContext.java:583) - Refreshing org.springframework.context.annotation.AnnotationConfigApplicationContext@3ed8eea9: startup date [Mon Jun 04 22:50:15 EDT 2018]; root of context hierarchy
2018-06-04 22:50:16,854 [Thread-0] INFO  (Launcher.java:60) - sensorBrownTable Sensor [value=0.0, date=2018-06-05 9:59:06, status=0, type=Occupancy, underAlert=false, workStationId=1077] - sensorFoamStairs Sensor [value=1.0, date=2018-06-05 10:05:26, status=0, type=Occupancy, underAlert=false, workStationId=1079] - sensorBlackTable Sensor [value=0.0, date=2018-06-05 9:46:24, status=0, type=Occupancy, underAlert=false, workStationId=1078]
2018-06-04 22:50:16,859 [Thread-0] INFO  (Launcher.java:65) - Something happened .. 5
2018-06-04 22:51:32,054 [Thread-0] INFO  (AbstractApplicationContext.java:583) - Refreshing org.springframework.context.annotation.AnnotationConfigApplicationContext@4c0169d5: startup date [Mon Jun 04 22:51:32 EDT 2018]; root of context hierarchy
2018-06-04 22:51:33,641 [Thread-0] INFO  (Launcher.java:60) - sensorBrownTable Sensor [value=0.0, date=2018-06-05 9:59:06, status=0, type=Occupancy, underAlert=false, workStationId=1077] - sensorFoamStairs Sensor [value=1.0, date=2018-06-05 10:05:26, status=0, type=Occupancy, underAlert=false, workStationId=1079] - sensorBlackTable Sensor [value=0.0, date=2018-06-05 9:46:24, status=0, type=Occupancy, underAlert=false, workStationId=1078]
2018-06-04 22:51:33,642 [Thread-0] INFO  (Launcher.java:65) - Something happened .. 5
2018-06-04 23:04:28,289 [Thread-0] INFO  (AbstractApplicationContext.java:583) - Refreshing org.springframework.context.annotation.AnnotationConfigApplicationContext@1d7d021c: startup date [Mon Jun 04 23:04:28 EDT 2018]; root of context hierarchy
2018-06-04 23:04:29,866 [Thread-0] INFO  (Launcher.java:60) - sensorBrownTable Sensor [value=0.0, date=2018-06-05 9:59:06, status=0, type=Occupancy, underAlert=false, workStationId=1077] - sensorFoamStairs Sensor [value=1.0, date=2018-06-05 10:05:26, status=0, type=Occupancy, underAlert=false, workStationId=1079] - sensorBlackTable Sensor [value=0.0, date=2018-06-05 9:46:24, status=0, type=Occupancy, underAlert=false, workStationId=1078]
2018-06-04 23:04:29,866 [Thread-0] INFO  (Launcher.java:65) - Something happened .. 5
2018-06-04 23:36:11,503 [Timer-0] INFO  (AbstractApplicationContext.java:583) - Refreshing org.springframework.context.annotation.AnnotationConfigApplicationContext@305d67b: startup date [Mon Jun 04 23:36:11 EDT 2018]; root of context hierarchy
2018-06-04 23:36:13,332 [Timer-0] INFO  (Launcher.java:48) - sensorBrownTable Sensor [value=0.0, date=2018-06-05 11:20:29, status=0, type=Occupancy, underAlert=false, workStationId=1077] - sensorFoamStairs Sensor [value=0.0, date=2018-06-05 11:24:55, status=0, type=Occupancy, underAlert=false, workStationId=1079] - sensorBlackTable Sensor [value=0.0, date=2018-06-05 11:06:27, status=0, type=Occupancy, underAlert=false, workStationId=1078]
2018-06-04 23:36:13,332 [Timer-0] DEBUG (EnTrakService.java:44) - EnTrak Service - Get Token for username: yahya.eliraki@myseat.ca
2018-06-04 23:36:24,554 [Timer-0] INFO  (AbstractApplicationContext.java:583) - Refreshing org.springframework.context.annotation.AnnotationConfigApplicationContext@443b0d23: startup date [Mon Jun 04 23:36:24 EDT 2018]; root of context hierarchy
2018-06-04 23:36:26,061 [Timer-0] INFO  (Launcher.java:48) - sensorBrownTable Sensor [value=0.0, date=2018-06-05 11:20:29, status=0, type=Occupancy, underAlert=false, workStationId=1077] - sensorFoamStairs Sensor [value=0.0, date=2018-06-05 11:24:55, status=0, type=Occupancy, underAlert=false, workStationId=1079] - sensorBlackTable Sensor [value=0.0, date=2018-06-05 11:06:27, status=0, type=Occupancy, underAlert=false, workStationId=1078]
2018-06-04 23:36:26,064 [Timer-0] INFO  (AbstractApplicationContext.java:583) - Refreshing org.springframework.context.annotation.AnnotationConfigApplicationContext@38d7919e: startup date [Mon Jun 04 23:36:26 EDT 2018]; root of context hierarchy
2018-06-04 23:36:26,658 [Timer-0] INFO  (Launcher.java:48) - sensorBrownTable Sensor [value=0.0, date=2018-06-05 11:20:29, status=0, type=Occupancy, underAlert=false, workStationId=1077] - sensorFoamStairs Sensor [value=0.0, date=2018-06-05 11:24:55, status=0, type=Occupancy, underAlert=false, workStationId=1079] - sensorBlackTable Sensor [value=0.0, date=2018-06-05 11:06:27, status=0, type=Occupancy, underAlert=false, workStationId=1078]
2018-06-04 23:36:27,068 [Timer-0] INFO  (AbstractApplicationContext.java:583) - Refreshing org.springframework.context.annotation.AnnotationConfigApplicationContext@46782e6f: startup date [Mon Jun 04 23:36:27 EDT 2018]; root of context hierarchy
2018-06-04 23:36:27,501 [Timer-0] INFO  (Launcher.java:48) - sensorBrownTable Sensor [value=0.0, date=2018-06-05 11:20:29, status=0, type=Occupancy, underAlert=false, workStationId=1077] - sensorFoamStairs Sensor [value=0.0, date=2018-06-05 11:24:55, status=0, type=Occupancy, underAlert=false, workStationId=1079] - sensorBlackTable Sensor [value=0.0, date=2018-06-05 11:06:27, status=0, type=Occupancy, underAlert=false, workStationId=1078]
2018-06-04 23:36:28,075 [Timer-0] INFO  (AbstractApplicationContext.java:583) - Refreshing org.springframework.context.annotation.AnnotationConfigApplicationContext@5fc001f5: startup date [Mon Jun 04 23:36:28 EDT 2018]; root of context hierarchy
2018-06-04 23:36:28,560 [Timer-0] INFO  (Launcher.java:48) - sensorBrownTable Sensor [value=0.0, date=2018-06-05 11:20:29, status=0, type=Occupancy, underAlert=false, workStationId=1077] - sensorFoamStairs Sensor [value=0.0, date=2018-06-05 11:24:55, status=0, type=Occupancy, underAlert=false, workStationId=1079] - sensorBlackTable Sensor [value=0.0, date=2018-06-05 11:06:27, status=0, type=Occupancy, underAlert=false, workStationId=1078]
2018-06-04 23:36:29,078 [Timer-0] INFO  (AbstractApplicationContext.java:583) - Refreshing org.springframework.context.annotation.AnnotationConfigApplicationContext@5701fc96: startup date [Mon Jun 04 23:36:29 EDT 2018]; root of context hierarchy
2018-06-04 23:36:29,481 [Timer-0] INFO  (Launcher.java:48) - sensorBrownTable Sensor [value=0.0, date=2018-06-05 11:20:29, status=0, type=Occupancy, underAlert=false, workStationId=1077] - sensorFoamStairs Sensor [value=0.0, date=2018-06-05 11:24:55, status=0, type=Occupancy, underAlert=false, workStationId=1079] - sensorBlackTable Sensor [value=0.0, date=2018-06-05 11:06:27, status=0, type=Occupancy, underAlert=false, workStationId=1078]
2018-06-04 23:36:30,083 [Timer-0] INFO  (AbstractApplicationContext.java:583) - Refreshing org.springframework.context.annotation.AnnotationConfigApplicationContext@66b3b6b9: startup date [Mon Jun 04 23:36:30 EDT 2018]; root of context hierarchy
2018-06-04 23:36:30,573 [Timer-0] INFO  (Launcher.java:48) - sensorBrownTable Sensor [value=0.0, date=2018-06-05 11:20:29, status=0, type=Occupancy, underAlert=false, workStationId=1077] - sensorFoamStairs Sensor [value=0.0, date=2018-06-05 11:24:55, status=0, type=Occupancy, underAlert=false, workStationId=1079] - sensorBlackTable Sensor [value=0.0, date=2018-06-05 11:06:27, status=0, type=Occupancy, underAlert=false, workStationId=1078]
2018-06-04 23:36:31,087 [Timer-0] INFO  (AbstractApplicationContext.java:583) - Refreshing org.springframework.context.annotation.AnnotationConfigApplicationContext@1ff25e29: startup date [Mon Jun 04 23:36:31 EDT 2018]; root of context hierarchy
2018-06-04 23:36:31,480 [Timer-0] INFO  (Launcher.java:48) - sensorBrownTable Sensor [value=0.0, date=2018-06-05 11:20:29, status=0, type=Occupancy, underAlert=false, workStationId=1077] - sensorFoamStairs Sensor [value=0.0, date=2018-06-05 11:24:55, status=0, type=Occupancy, underAlert=false, workStationId=1079] - sensorBlackTable Sensor [value=0.0, date=2018-06-05 11:06:27, status=0, type=Occupancy, underAlert=false, workStationId=1078]
2018-06-04 23:36:32,089 [Timer-0] INFO  (AbstractApplicationContext.java:583) - Refreshing org.springframework.context.annotation.AnnotationConfigApplicationContext@11d4dc32: startup date [Mon Jun 04 23:36:32 EDT 2018]; root of context hierarchy
2018-06-04 23:36:52,259 [Timer-0] INFO  (AbstractApplicationContext.java:583) - Refreshing org.springframework.context.annotation.AnnotationConfigApplicationContext@368d129e: startup date [Mon Jun 04 23:36:52 EDT 2018]; root of context hierarchy
2018-06-04 23:36:53,788 [Timer-0] INFO  (Launcher.java:48) - sensorBrownTable Sensor [value=0.0, date=2018-06-05 11:20:29, status=0, type=Occupancy, underAlert=false, workStationId=1077] - sensorFoamStairs Sensor [value=0.0, date=2018-06-05 11:24:55, status=0, type=Occupancy, underAlert=false, workStationId=1079] - sensorBlackTable Sensor [value=0.0, date=2018-06-05 11:06:27, status=0, type=Occupancy, underAlert=false, workStationId=1078]
2018-06-04 23:36:53,789 [Timer-0] INFO  (Launcher.java:52) - Something happen 
2018-06-04 23:36:54,796 [Timer-0] INFO  (AbstractApplicationContext.java:583) - Refreshing org.springframework.context.annotation.AnnotationConfigApplicationContext@4b20ef02: startup date [Mon Jun 04 23:36:54 EDT 2018]; root of context hierarchy
2018-06-04 23:36:55,226 [Timer-0] INFO  (Launcher.java:48) - sensorBrownTable Sensor [value=0.0, date=2018-06-05 11:20:29, status=0, type=Occupancy, underAlert=false, workStationId=1077] - sensorFoamStairs Sensor [value=0.0, date=2018-06-05 11:24:55, status=0, type=Occupancy, underAlert=false, workStationId=1079] - sensorBlackTable Sensor [value=0.0, date=2018-06-05 11:06:27, status=0, type=Occupancy, underAlert=false, workStationId=1078]
2018-06-04 23:36:55,227 [Timer-0] INFO  (Launcher.java:52) - Something happen 
2018-06-04 23:36:56,232 [Timer-0] INFO  (AbstractApplicationContext.java:583) - Refreshing org.springframework.context.annotation.AnnotationConfigApplicationContext@42dfcdd2: startup date [Mon Jun 04 23:36:56 EDT 2018]; root of context hierarchy
2018-06-04 23:36:56,633 [Timer-0] INFO  (Launcher.java:48) - sensorBrownTable Sensor [value=0.0, date=2018-06-05 11:20:29, status=0, type=Occupancy, underAlert=false, workStationId=1077] - sensorFoamStairs Sensor [value=0.0, date=2018-06-05 11:24:55, status=0, type=Occupancy, underAlert=false, workStationId=1079] - sensorBlackTable Sensor [value=0.0, date=2018-06-05 11:06:27, status=0, type=Occupancy, underAlert=false, workStationId=1078]
2018-06-04 23:36:56,634 [Timer-0] INFO  (Launcher.java:52) - Something happen 
2018-06-04 23:36:57,639 [Timer-0] INFO  (AbstractApplicationContext.java:583) - Refreshing org.springframework.context.annotation.AnnotationConfigApplicationContext@6a6c90b3: startup date [Mon Jun 04 23:36:57 EDT 2018]; root of context hierarchy
2018-06-04 23:36:58,143 [Timer-0] INFO  (Launcher.java:48) - sensorBrownTable Sensor [value=0.0, date=2018-06-05 11:20:29, status=0, type=Occupancy, underAlert=false, workStationId=1077] - sensorFoamStairs Sensor [value=0.0, date=2018-06-05 11:24:55, status=0, type=Occupancy, underAlert=false, workStationId=1079] - sensorBlackTable Sensor [value=0.0, date=2018-06-05 11:06:27, status=0, type=Occupancy, underAlert=false, workStationId=1078]
2018-06-04 23:36:58,143 [Timer-0] INFO  (Launcher.java:52) - Something happen 
2018-06-04 23:36:59,147 [Timer-0] INFO  (AbstractApplicationContext.java:583) - Refreshing org.springframework.context.annotation.AnnotationConfigApplicationContext@7892abfd: startup date [Mon Jun 04 23:36:59 EDT 2018]; root of context hierarchy
2018-06-04 23:36:59,553 [Timer-0] INFO  (Launcher.java:48) - sensorBrownTable Sensor [value=0.0, date=2018-06-05 11:20:29, status=0, type=Occupancy, underAlert=false, workStationId=1077] - sensorFoamStairs Sensor [value=0.0, date=2018-06-05 11:24:55, status=0, type=Occupancy, underAlert=false, workStationId=1079] - sensorBlackTable Sensor [value=0.0, date=2018-06-05 11:06:27, status=0, type=Occupancy, underAlert=false, workStationId=1078]
2018-06-04 23:36:59,553 [Timer-0] INFO  (Launcher.java:52) - Something happen 
2018-06-04 23:37:00,561 [Timer-0] INFO  (AbstractApplicationContext.java:583) - Refreshing org.springframework.context.annotation.AnnotationConfigApplicationContext@48962441: startup date [Mon Jun 04 23:37:00 EDT 2018]; root of context hierarchy
2018-06-04 23:37:01,033 [Timer-0] INFO  (Launcher.java:48) - sensorBrownTable Sensor [value=0.0, date=2018-06-05 11:20:29, status=0, type=Occupancy, underAlert=false, workStationId=1077] - sensorFoamStairs Sensor [value=0.0, date=2018-06-05 11:24:55, status=0, type=Occupancy, underAlert=false, workStationId=1079] - sensorBlackTable Sensor [value=0.0, date=2018-06-05 11:06:27, status=0, type=Occupancy, underAlert=false, workStationId=1078]
2018-06-04 23:37:01,034 [Timer-0] INFO  (Launcher.java:52) - Something happen 
2018-06-04 23:37:02,038 [Timer-0] INFO  (AbstractApplicationContext.java:583) - Refreshing org.springframework.context.annotation.AnnotationConfigApplicationContext@30a0da68: startup date [Mon Jun 04 23:37:02 EDT 2018]; root of context hierarchy
2018-06-04 23:37:02,521 [Timer-0] INFO  (Launcher.java:48) - sensorBrownTable Sensor [value=0.0, date=2018-06-05 11:20:29, status=0, type=Occupancy, underAlert=false, workStationId=1077] - sensorFoamStairs Sensor [value=0.0, date=2018-06-05 11:24:55, status=0, type=Occupancy, underAlert=false, workStationId=1079] - sensorBlackTable Sensor [value=0.0, date=2018-06-05 11:06:27, status=0, type=Occupancy, underAlert=false, workStationId=1078]
2018-06-04 23:37:02,522 [Timer-0] INFO  (Launcher.java:52) - Something happen 
2018-06-04 23:37:03,524 [Timer-0] INFO  (AbstractApplicationContext.java:583) - Refreshing org.springframework.context.annotation.AnnotationConfigApplicationContext@62cda34b: startup date [Mon Jun 04 23:37:03 EDT 2018]; root of context hierarchy
2018-06-04 23:37:03,940 [Timer-0] INFO  (Launcher.java:48) - sensorBrownTable Sensor [value=0.0, date=2018-06-05 11:20:29, status=0, type=Occupancy, underAlert=false, workStationId=1077] - sensorFoamStairs Sensor [value=0.0, date=2018-06-05 11:24:55, status=0, type=Occupancy, underAlert=false, workStationId=1079] - sensorBlackTable Sensor [value=0.0, date=2018-06-05 11:06:27, status=0, type=Occupancy, underAlert=false, workStationId=1078]
2018-06-04 23:37:03,940 [Timer-0] INFO  (Launcher.java:52) - Something happen 
2018-06-04 23:37:04,946 [Timer-0] INFO  (AbstractApplicationContext.java:583) - Refreshing org.springframework.context.annotation.AnnotationConfigApplicationContext@6274a35e: startup date [Mon Jun 04 23:37:04 EDT 2018]; root of context hierarchy
2018-06-04 23:37:05,350 [Timer-0] INFO  (Launcher.java:48) - sensorBrownTable Sensor [value=0.0, date=2018-06-05 11:20:29, status=0, type=Occupancy, underAlert=false, workStationId=1077] - sensorFoamStairs Sensor [value=0.0, date=2018-06-05 11:24:55, status=0, type=Occupancy, underAlert=false, workStationId=1079] - sensorBlackTable Sensor [value=0.0, date=2018-06-05 11:06:27, status=0, type=Occupancy, underAlert=false, workStationId=1078]
2018-06-04 23:37:05,351 [Timer-0] INFO  (Launcher.java:52) - Something happen 
2018-06-04 23:37:06,358 [Timer-0] INFO  (AbstractApplicationContext.java:583) - Refreshing org.springframework.context.annotation.AnnotationConfigApplicationContext@3b941b77: startup date [Mon Jun 04 23:37:06 EDT 2018]; root of context hierarchy
2018-06-04 23:37:06,756 [Timer-0] INFO  (Launcher.java:48) - sensorBrownTable Sensor [value=0.0, date=2018-06-05 11:20:29, status=0, type=Occupancy, underAlert=false, workStationId=1077] - sensorFoamStairs Sensor [value=0.0, date=2018-06-05 11:24:55, status=0, type=Occupancy, underAlert=false, workStationId=1079] - sensorBlackTable Sensor [value=0.0, date=2018-06-05 11:06:27, status=0, type=Occupancy, underAlert=false, workStationId=1078]
2018-06-04 23:37:06,757 [Timer-0] INFO  (Launcher.java:52) - Something happen 
2018-06-04 23:37:07,761 [Timer-0] INFO  (AbstractApplicationContext.java:583) - Refreshing org.springframework.context.annotation.AnnotationConfigApplicationContext@2f56b13a: startup date [Mon Jun 04 23:37:07 EDT 2018]; root of context hierarchy
2018-06-04 23:37:08,182 [Timer-0] INFO  (Launcher.java:48) - sensorBrownTable Sensor [value=0.0, date=2018-06-05 11:20:29, status=0, type=Occupancy, underAlert=false, workStationId=1077] - sensorFoamStairs Sensor [value=0.0, date=2018-06-05 11:24:55, status=0, type=Occupancy, underAlert=false, workStationId=1079] - sensorBlackTable Sensor [value=0.0, date=2018-06-05 11:06:27, status=0, type=Occupancy, underAlert=false, workStationId=1078]
2018-06-04 23:37:08,183 [Timer-0] INFO  (Launcher.java:52) - Something happen 
2018-06-04 23:37:09,188 [Timer-0] INFO  (AbstractApplicationContext.java:583) - Refreshing org.springframework.context.annotation.AnnotationConfigApplicationContext@2d0990c2: startup date [Mon Jun 04 23:37:09 EDT 2018]; root of context hierarchy
2018-06-04 23:37:09,567 [Timer-0] INFO  (Launcher.java:48) - sensorBrownTable Sensor [value=0.0, date=2018-06-05 11:20:29, status=0, type=Occupancy, underAlert=false, workStationId=1077] - sensorFoamStairs Sensor [value=0.0, date=2018-06-05 11:24:55, status=0, type=Occupancy, underAlert=false, workStationId=1079] - sensorBlackTable Sensor [value=0.0, date=2018-06-05 11:06:27, status=0, type=Occupancy, underAlert=false, workStationId=1078]
2018-06-04 23:37:09,568 [Timer-0] INFO  (Launcher.java:52) - Something happen 
2018-06-04 23:37:10,575 [Timer-0] INFO  (AbstractApplicationContext.java:583) - Refreshing org.springframework.context.annotation.AnnotationConfigApplicationContext@4dc4b82: startup date [Mon Jun 04 23:37:10 EDT 2018]; root of context hierarchy
2018-06-04 23:37:11,177 [Timer-0] INFO  (Launcher.java:48) - sensorBrownTable Sensor [value=0.0, date=2018-06-05 11:20:29, status=0, type=Occupancy, underAlert=false, workStationId=1077] - sensorFoamStairs Sensor [value=0.0, date=2018-06-05 11:24:55, status=0, type=Occupancy, underAlert=false, workStationId=1079] - sensorBlackTable Sensor [value=0.0, date=2018-06-05 11:06:27, status=0, type=Occupancy, underAlert=false, workStationId=1078]
2018-06-04 23:37:11,178 [Timer-0] INFO  (Launcher.java:52) - Something happen 
2018-06-04 23:37:12,180 [Timer-0] INFO  (AbstractApplicationContext.java:583) - Refreshing org.springframework.context.annotation.AnnotationConfigApplicationContext@41938073: startup date [Mon Jun 04 23:37:12 EDT 2018]; root of context hierarchy
2018-06-04 23:37:12,574 [Timer-0] INFO  (Launcher.java:48) - sensorBrownTable Sensor [value=0.0, date=2018-06-05 11:20:29, status=0, type=Occupancy, underAlert=false, workStationId=1077] - sensorFoamStairs Sensor [value=0.0, date=2018-06-05 11:24:55, status=0, type=Occupancy, underAlert=false, workStationId=1079] - sensorBlackTable Sensor [value=0.0, date=2018-06-05 11:06:27, status=0, type=Occupancy, underAlert=false, workStationId=1078]
2018-06-04 23:37:12,575 [Timer-0] INFO  (Launcher.java:52) - Something happen 
2018-06-04 23:37:13,582 [Timer-0] INFO  (AbstractApplicationContext.java:583) - Refreshing org.springframework.context.annotation.AnnotationConfigApplicationContext@36e32d06: startup date [Mon Jun 04 23:37:13 EDT 2018]; root of context hierarchy
2018-06-04 23:37:13,984 [Timer-0] INFO  (Launcher.java:48) - sensorBrownTable Sensor [value=0.0, date=2018-06-05 11:20:29, status=0, type=Occupancy, underAlert=false, workStationId=1077] - sensorFoamStairs Sensor [value=0.0, date=2018-06-05 11:24:55, status=0, type=Occupancy, underAlert=false, workStationId=1079] - sensorBlackTable Sensor [value=0.0, date=2018-06-05 11:06:27, status=0, type=Occupancy, underAlert=false, workStationId=1078]
2018-06-04 23:37:13,985 [Timer-0] INFO  (Launcher.java:52) - Something happen 
2018-06-04 23:37:14,992 [Timer-0] INFO  (AbstractApplicationContext.java:583) - Refreshing org.springframework.context.annotation.AnnotationConfigApplicationContext@47e52853: startup date [Mon Jun 04 23:37:14 EDT 2018]; root of context hierarchy
2018-06-04 23:37:15,379 [Timer-0] INFO  (Launcher.java:48) - sensorBrownTable Sensor [value=0.0, date=2018-06-05 11:20:29, status=0, type=Occupancy, underAlert=false, workStationId=1077] - sensorFoamStairs Sensor [value=0.0, date=2018-06-05 11:24:55, status=0, type=Occupancy, underAlert=false, workStationId=1079] - sensorBlackTable Sensor [value=0.0, date=2018-06-05 11:06:27, status=0, type=Occupancy, underAlert=false, workStationId=1078]
2018-06-04 23:37:15,380 [Timer-0] INFO  (Launcher.java:52) - Something happen 
2018-06-04 23:38:40,522 [Timer-0] INFO  (AbstractApplicationContext.java:583) - Refreshing org.springframework.context.annotation.AnnotationConfigApplicationContext@19baec2c: startup date [Mon Jun 04 23:38:40 EDT 2018]; root of context hierarchy
2018-06-04 23:38:42,184 [Timer-0] INFO  (Launcher.java:48) - sensorBrownTable Sensor [value=0.0, date=2018-06-05 11:20:29, status=0, type=Occupancy, underAlert=false, workStationId=1077] - sensorFoamStairs Sensor [value=0.0, date=2018-06-05 11:24:55, status=0, type=Occupancy, underAlert=false, workStationId=1079] - sensorBlackTable Sensor [value=0.0, date=2018-06-05 11:06:27, status=0, type=Occupancy, underAlert=false, workStationId=1078]
2018-06-04 23:39:03,174 [Timer-0] INFO  (AbstractApplicationContext.java:583) - Refreshing org.springframework.context.annotation.AnnotationConfigApplicationContext@19baec2c: startup date [Mon Jun 04 23:39:03 EDT 2018]; root of context hierarchy
2018-06-04 23:39:04,686 [Timer-0] INFO  (Launcher.java:48) - sensorBrownTable Sensor [value=0.0, date=2018-06-05 11:20:29, status=0, type=Occupancy, underAlert=false, workStationId=1077] - sensorFoamStairs Sensor [value=0.0, date=2018-06-05 11:24:55, status=0, type=Occupancy, underAlert=false, workStationId=1079] - sensorBlackTable Sensor [value=0.0, date=2018-06-05 11:06:27, status=0, type=Occupancy, underAlert=false, workStationId=1078]
2018-06-04 23:39:04,687 [Timer-0] INFO  (Launcher.java:52) - Something happen 9
2018-06-04 23:39:05,693 [Timer-0] INFO  (AbstractApplicationContext.java:583) - Refreshing org.springframework.context.annotation.AnnotationConfigApplicationContext@65810835: startup date [Mon Jun 04 23:39:05 EDT 2018]; root of context hierarchy
2018-06-04 23:39:06,206 [Timer-0] INFO  (Launcher.java:48) - sensorBrownTable Sensor [value=0.0, date=2018-06-05 11:20:29, status=0, type=Occupancy, underAlert=false, workStationId=1077] - sensorFoamStairs Sensor [value=0.0, date=2018-06-05 11:24:55, status=0, type=Occupancy, underAlert=false, workStationId=1079] - sensorBlackTable Sensor [value=0.0, date=2018-06-05 11:06:27, status=0, type=Occupancy, underAlert=false, workStationId=1078]
2018-06-04 23:39:06,206 [Timer-0] INFO  (Launcher.java:52) - Something happen 9
2018-06-04 23:39:07,213 [Timer-0] INFO  (AbstractApplicationContext.java:583) - Refreshing org.springframework.context.annotation.AnnotationConfigApplicationContext@4df79ce4: startup date [Mon Jun 04 23:39:07 EDT 2018]; root of context hierarchy
2018-06-04 23:39:07,640 [Timer-0] INFO  (Launcher.java:48) - sensorBrownTable Sensor [value=0.0, date=2018-06-05 11:20:29, status=0, type=Occupancy, underAlert=false, workStationId=1077] - sensorFoamStairs Sensor [value=0.0, date=2018-06-05 11:24:55, status=0, type=Occupancy, underAlert=false, workStationId=1079] - sensorBlackTable Sensor [value=0.0, date=2018-06-05 11:06:27, status=0, type=Occupancy, underAlert=false, workStationId=1078]
2018-06-04 23:39:07,641 [Timer-0] INFO  (Launcher.java:52) - Something happen 9
2018-06-04 23:39:08,648 [Timer-0] INFO  (AbstractApplicationContext.java:583) - Refreshing org.springframework.context.annotation.AnnotationConfigApplicationContext@12189d26: startup date [Mon Jun 04 23:39:08 EDT 2018]; root of context hierarchy
2018-06-04 23:39:09,140 [Timer-0] INFO  (Launcher.java:48) - sensorBrownTable Sensor [value=0.0, date=2018-06-05 11:20:29, status=0, type=Occupancy, underAlert=false, workStationId=1077] - sensorFoamStairs Sensor [value=0.0, date=2018-06-05 11:24:55, status=0, type=Occupancy, underAlert=false, workStationId=1079] - sensorBlackTable Sensor [value=0.0, date=2018-06-05 11:06:27, status=0, type=Occupancy, underAlert=false, workStationId=1078]
2018-06-04 23:39:09,142 [Timer-0] INFO  (Launcher.java:52) - Something happen 9
2018-06-04 23:39:23,024 [Timer-0] INFO  (AbstractApplicationContext.java:583) - Refreshing org.springframework.context.annotation.AnnotationConfigApplicationContext@443b0d23: startup date [Mon Jun 04 23:39:23 EDT 2018]; root of context hierarchy
2018-06-04 23:39:24,591 [Timer-0] INFO  (Launcher.java:48) - sensorBrownTable Sensor [value=0.0, date=2018-06-05 11:20:29, status=0, type=Occupancy, underAlert=false, workStationId=1077] - sensorFoamStairs Sensor [value=0.0, date=2018-06-05 11:24:55, status=0, type=Occupancy, underAlert=false, workStationId=1079] - sensorBlackTable Sensor [value=0.0, date=2018-06-05 11:06:27, status=0, type=Occupancy, underAlert=false, workStationId=1078]
2018-06-04 23:39:24,592 [Timer-0] INFO  (Launcher.java:52) - Something happen 9
2018-06-04 23:39:25,599 [Timer-0] INFO  (AbstractApplicationContext.java:583) - Refreshing org.springframework.context.annotation.AnnotationConfigApplicationContext@3c253f2b: startup date [Mon Jun 04 23:39:25 EDT 2018]; root of context hierarchy
2018-06-04 23:39:26,116 [Timer-0] INFO  (Launcher.java:48) - sensorBrownTable Sensor [value=0.0, date=2018-06-05 11:20:29, status=0, type=Occupancy, underAlert=false, workStationId=1077] - sensorFoamStairs Sensor [value=0.0, date=2018-06-05 11:24:55, status=0, type=Occupancy, underAlert=false, workStationId=1079] - sensorBlackTable Sensor [value=0.0, date=2018-06-05 11:06:27, status=0, type=Occupancy, underAlert=false, workStationId=1078]
2018-06-04 23:39:26,117 [Timer-0] INFO  (Launcher.java:52) - Something happen 9
2018-06-04 23:39:27,125 [Timer-0] INFO  (AbstractApplicationContext.java:583) - Refreshing org.springframework.context.annotation.AnnotationConfigApplicationContext@46782e6f: startup date [Mon Jun 04 23:39:27 EDT 2018]; root of context hierarchy
2018-06-04 23:39:27,525 [Timer-0] INFO  (Launcher.java:48) - sensorBrownTable Sensor [value=0.0, date=2018-06-05 11:20:29, status=0, type=Occupancy, underAlert=false, workStationId=1077] - sensorFoamStairs Sensor [value=0.0, date=2018-06-05 11:24:55, status=0, type=Occupancy, underAlert=false, workStationId=1079] - sensorBlackTable Sensor [value=0.0, date=2018-06-05 11:06:27, status=0, type=Occupancy, underAlert=false, workStationId=1078]
2018-06-04 23:39:27,525 [Timer-0] INFO  (Launcher.java:52) - Something happen 9
2018-06-04 23:39:28,528 [Timer-0] INFO  (AbstractApplicationContext.java:583) - Refreshing org.springframework.context.annotation.AnnotationConfigApplicationContext@5fc001f5: startup date [Mon Jun 04 23:39:28 EDT 2018]; root of context hierarchy
2018-06-04 23:39:41,929 [Timer-0] INFO  (AbstractApplicationContext.java:583) - Refreshing org.springframework.context.annotation.AnnotationConfigApplicationContext@368d129e: startup date [Mon Jun 04 23:39:41 EDT 2018]; root of context hierarchy
2018-06-04 23:39:43,409 [Timer-0] INFO  (Launcher.java:48) - sensorBrownTable Sensor [value=0.0, date=2018-06-05 11:20:29, status=0, type=Occupancy, underAlert=false, workStationId=1077] - sensorFoamStairs Sensor [value=0.0, date=2018-06-05 11:24:55, status=0, type=Occupancy, underAlert=false, workStationId=1079] - sensorBlackTable Sensor [value=0.0, date=2018-06-05 11:06:27, status=0, type=Occupancy, underAlert=false, workStationId=1078]
2018-06-04 23:40:06,628 [Timer-0] INFO  (AbstractApplicationContext.java:583) - Refreshing org.springframework.context.annotation.AnnotationConfigApplicationContext@74415fab: startup date [Mon Jun 04 23:40:06 EDT 2018]; root of context hierarchy
2018-06-04 23:40:08,132 [Timer-0] INFO  (Launcher.java:48) - sensorBrownTable Sensor [value=0.0, date=2018-06-05 11:20:29, status=0, type=Occupancy, underAlert=false, workStationId=1077] - sensorFoamStairs Sensor [value=0.0, date=2018-06-05 11:24:55, status=0, type=Occupancy, underAlert=false, workStationId=1079] - sensorBlackTable Sensor [value=0.0, date=2018-06-05 11:06:27, status=0, type=Occupancy, underAlert=false, workStationId=1078]
2018-06-04 23:40:08,132 [Timer-0] INFO  (Launcher.java:52) - Something happen 9
2018-06-04 23:40:09,141 [Timer-0] INFO  (AbstractApplicationContext.java:583) - Refreshing org.springframework.context.annotation.AnnotationConfigApplicationContext@7208eb66: startup date [Mon Jun 04 23:40:09 EDT 2018]; root of context hierarchy
2018-06-04 23:40:10,556 [Timer-0] INFO  (Launcher.java:48) - sensorBrownTable Sensor [value=0.0, date=2018-06-05 11:20:29, status=0, type=Occupancy, underAlert=false, workStationId=1077] - sensorFoamStairs Sensor [value=0.0, date=2018-06-05 11:24:55, status=0, type=Occupancy, underAlert=false, workStationId=1079] - sensorBlackTable Sensor [value=0.0, date=2018-06-05 11:06:27, status=0, type=Occupancy, underAlert=false, workStationId=1078]
2018-06-04 23:40:10,556 [Timer-0] INFO  (Launcher.java:52) - Something happen 9
2018-06-04 23:40:11,559 [Timer-0] INFO  (AbstractApplicationContext.java:583) - Refreshing org.springframework.context.annotation.AnnotationConfigApplicationContext@7eed79b1: startup date [Mon Jun 04 23:40:11 EDT 2018]; root of context hierarchy
2018-06-04 23:40:12,076 [Timer-0] INFO  (Launcher.java:48) - sensorBrownTable Sensor [value=0.0, date=2018-06-05 11:20:29, status=0, type=Occupancy, underAlert=false, workStationId=1077] - sensorFoamStairs Sensor [value=0.0, date=2018-06-05 11:24:55, status=0, type=Occupancy, underAlert=false, workStationId=1079] - sensorBlackTable Sensor [value=0.0, date=2018-06-05 11:06:27, status=0, type=Occupancy, underAlert=false, workStationId=1078]
2018-06-04 23:40:12,076 [Timer-0] INFO  (Launcher.java:52) - Something happen 9
2018-06-04 23:40:21,839 [Timer-0] INFO  (AbstractApplicationContext.java:583) - Refreshing org.springframework.context.annotation.AnnotationConfigApplicationContext@19baec2c: startup date [Mon Jun 04 23:40:21 EDT 2018]; root of context hierarchy
2018-06-04 23:40:23,451 [Timer-0] INFO  (Launcher.java:48) - sensorBrownTable Sensor [value=0.0, date=2018-06-05 11:20:29, status=0, type=Occupancy, underAlert=false, workStationId=1077] - sensorFoamStairs Sensor [value=0.0, date=2018-06-05 11:24:55, status=0, type=Occupancy, underAlert=false, workStationId=1079] - sensorBlackTable Sensor [value=0.0, date=2018-06-05 11:06:27, status=0, type=Occupancy, underAlert=false, workStationId=1078]
2018-06-04 23:40:23,452 [Timer-0] INFO  (Launcher.java:52) - Something happen 9
2018-06-04 23:41:23,457 [Timer-0] INFO  (AbstractApplicationContext.java:583) - Refreshing org.springframework.context.annotation.AnnotationConfigApplicationContext@65810835: startup date [Mon Jun 04 23:41:23 EDT 2018]; root of context hierarchy
2018-06-04 23:41:24,009 [Timer-0] INFO  (Launcher.java:48) - sensorBrownTable Sensor [value=0.0, date=2018-06-05 11:20:29, status=0, type=Occupancy, underAlert=false, workStationId=1077] - sensorFoamStairs Sensor [value=0.0, date=2018-06-05 11:24:55, status=0, type=Occupancy, underAlert=false, workStationId=1079] - sensorBlackTable Sensor [value=0.0, date=2018-06-05 11:06:27, status=0, type=Occupancy, underAlert=false, workStationId=1078]
2018-06-04 23:41:24,010 [Timer-0] INFO  (Launcher.java:52) - Something happen 9
2018-06-06 19:33:41,160 [Timer-0] INFO  (AbstractApplicationContext.java:583) - Refreshing org.springframework.context.annotation.AnnotationConfigApplicationContext@305d67b: startup date [Wed Jun 06 19:33:41 EDT 2018]; root of context hierarchy
2018-06-06 19:33:42,924 [Timer-0] INFO  (Launcher.java:48) - sensorBrownTable Sensor [value=0.0, date=2018-06-07 6:44:15, status=0, type=Occupancy, underAlert=false, workStationId=1077] - sensorFoamStairs Sensor [value=0.0, date=2018-06-07 7:09:49, status=0, type=Occupancy, underAlert=false, workStationId=1079] - sensorBlackTable Sensor [value=0.0, date=2018-06-07 7:07:22, status=0, type=Occupancy, underAlert=false, workStationId=1078]
2018-06-06 19:33:42,925 [Timer-0] INFO  (Launcher.java:56) - Something happen du to exception 5
2018-06-06 19:33:42,925 [Timer-0] INFO  (Launcher.java:57) - The service will sleep for 1 minute and come back again .. 
2018-06-06 19:34:42,933 [Timer-0] INFO  (Launcher.java:60) - Service restarted ...
2018-06-06 19:34:42,938 [Timer-0] INFO  (AbstractApplicationContext.java:583) - Refreshing org.springframework.context.annotation.AnnotationConfigApplicationContext@74332985: startup date [Wed Jun 06 19:34:42 EDT 2018]; root of context hierarchy
2018-06-06 19:34:43,466 [Timer-0] INFO  (Launcher.java:48) - sensorBrownTable Sensor [value=0.0, date=2018-06-07 6:44:15, status=0, type=Occupancy, underAlert=false, workStationId=1077] - sensorFoamStairs Sensor [value=0.0, date=2018-06-07 7:09:49, status=0, type=Occupancy, underAlert=false, workStationId=1079] - sensorBlackTable Sensor [value=0.0, date=2018-06-07 7:07:22, status=0, type=Occupancy, underAlert=false, workStationId=1078]
2018-06-06 19:34:43,467 [Timer-0] INFO  (Launcher.java:56) - Something happen du to exception 5
2018-06-06 19:34:43,467 [Timer-0] INFO  (Launcher.java:57) - The service will sleep for 1 minute and come back again .. 
2018-06-06 19:35:00,181 [Timer-0] INFO  (AbstractApplicationContext.java:583) - Refreshing org.springframework.context.annotation.AnnotationConfigApplicationContext@305d67b: startup date [Wed Jun 06 19:35:00 EDT 2018]; root of context hierarchy
2018-06-06 19:35:01,831 [Timer-0] INFO  (Launcher.java:48) - sensorBrownTable Sensor [value=0.0, date=2018-06-07 6:44:15, status=0, type=Occupancy, underAlert=false, workStationId=1077] - sensorFoamStairs Sensor [value=0.0, date=2018-06-07 7:09:49, status=0, type=Occupancy, underAlert=false, workStationId=1079] - sensorBlackTable Sensor [value=0.0, date=2018-06-07 7:07:22, status=0, type=Occupancy, underAlert=false, workStationId=1078]
2018-06-06 19:35:01,832 [Timer-0] INFO  (Launcher.java:56) - Something happen because of this exception 5
2018-06-06 19:35:01,832 [Timer-0] INFO  (Launcher.java:57) - The service will sleep for 30 seconds and come back again .. 
2018-06-06 19:35:31,833 [Timer-0] INFO  (Launcher.java:60) - Service restarted ...
2018-06-06 19:35:31,838 [Timer-0] INFO  (AbstractApplicationContext.java:583) - Refreshing org.springframework.context.annotation.AnnotationConfigApplicationContext@74332985: startup date [Wed Jun 06 19:35:31 EDT 2018]; root of context hierarchy
2018-06-06 19:35:32,396 [Timer-0] INFO  (Launcher.java:48) - sensorBrownTable Sensor [value=0.0, date=2018-06-07 6:44:15, status=0, type=Occupancy, underAlert=false, workStationId=1077] - sensorFoamStairs Sensor [value=0.0, date=2018-06-07 7:09:49, status=0, type=Occupancy, underAlert=false, workStationId=1079] - sensorBlackTable Sensor [value=0.0, date=2018-06-07 7:07:22, status=0, type=Occupancy, underAlert=false, workStationId=1078]
2018-06-06 19:35:32,396 [Timer-0] INFO  (Launcher.java:56) - Something happen because of this exception 5
2018-06-06 19:35:32,397 [Timer-0] INFO  (Launcher.java:57) - The service will sleep for 30 seconds and come back again .. 
